<?xml version="1.0" encoding="UTF-8"?>
<testng-results skipped="0" failed="0" ignored="0" total="1" passed="1">
  <reporter-output>
  </reporter-output>
  <suite name="Suite" duration-ms="132" started-at="2021-10-05T15:55:07 IST" finished-at="2021-10-05T15:55:07 IST">
    <groups>
    </groups>
    <test name="TestApp" duration-ms="132" started-at="2021-10-05T15:55:07 IST" finished-at="2021-10-05T15:55:07 IST">
      <class name="com.dddframework.test.HomeTest">
        <test-method status="PASS" signature="initialize()[pri:0, instance:com.dddframework.test.HomeTest@3cda1055]" name="initialize" is-config="true" duration-ms="17656" started-at="2021-10-05T15:54:50 IST" finished-at="2021-10-05T15:55:07 IST">
          <reporter-output>
          </reporter-output>
        </test-method> <!-- initialize -->
        <test-method status="PASS" signature="ViewMenu()[pri:0, instance:com.dddframework.test.HomeTest@3cda1055]" name="ViewMenu" duration-ms="105" started-at="2021-10-05T15:55:07 IST" finished-at="2021-10-05T15:55:07 IST">
          <reporter-output>
          </reporter-output>
        </test-method> <!-- ViewMenu -->
        <test-method status="PASS" signature="TeardownTest()[pri:0, instance:com.dddframework.test.HomeTest@3cda1055]" name="TeardownTest" is-config="true" duration-ms="706" started-at="2021-10-05T15:55:07 IST" finished-at="2021-10-05T15:55:08 IST">
          <reporter-output>
          </reporter-output>
        </test-method> <!-- TeardownTest -->
      </class> <!-- com.dddframework.test.HomeTest -->
    </test> <!-- TestApp -->
  </suite> <!-- Suite -->
</testng-results>
